<?xml version="1.0" encoding="UTF-8"?>
<!-- Generated by org.testng.reporters.JUnitXMLReporter -->
<testsuite ignored="0" hostname="L8ZZ1N53" failures="0" tests="3" name="Default test" time="0.052" errors="0" timestamp="2021-06-21T08:26:15 IST">
  <testcase classname="testPacakage.MyFirstTestngClass" name="test9" time="0.008"/>
  <testcase classname="testPacakage.MyFirstTestngClass" name="abcd" time="0.001"/>
  <testcase classname="testPacakage.MyFirstTestngClass" name="test2" time="0.001"/>
</testsuite> <!-- Default test -->
