<?xml version="1.0" encoding="UTF-8"?>
<testng-results skipped="0" failed="0" ignored="0" total="5" passed="5">
  <reporter-output>
  </reporter-output>
  <suite name="Suite_06_21" duration-ms="46" started-at="2021-06-26T19:19:49 IST" finished-at="2021-06-26T19:19:49 IST">
    <groups>
    </groups>
    <test name="Test" duration-ms="46" started-at="2021-06-26T19:19:49 IST" finished-at="2021-06-26T19:19:49 IST">
      <class name="testPacakage.MyFirstTestngClass">
        <test-method status="PASS" signature="test9()[pri:0, instance:testPacakage.MyFirstTestngClass@457e2f02]" name="test9" duration-ms="0" started-at="2021-06-26T19:19:49 IST" finished-at="2021-06-26T19:19:49 IST">
          <reporter-output>
          </reporter-output>
        </test-method> <!-- test9 -->
        <test-method status="PASS" signature="test2()[pri:2, instance:testPacakage.MyFirstTestngClass@457e2f02]" name="test2" duration-ms="1" started-at="2021-06-26T19:19:49 IST" finished-at="2021-06-26T19:19:49 IST">
          <reporter-output>
          </reporter-output>
        </test-method> <!-- test2 -->
        <test-method status="PASS" signature="abcd()[pri:2, instance:testPacakage.MyFirstTestngClass@457e2f02]" name="abcd" duration-ms="0" started-at="2021-06-26T19:19:49 IST" finished-at="2021-06-26T19:19:49 IST">
          <reporter-output>
          </reporter-output>
        </test-method> <!-- abcd -->
      </class> <!-- testPacakage.MyFirstTestngClass -->
      <class name="testPacakage.TestClass2">
        <test-method status="PASS" signature="verifyLogin()[pri:0, instance:testPacakage.TestClass2@4f933fd1]" name="verifyLogin" duration-ms="5" started-at="2021-06-26T19:19:49 IST" finished-at="2021-06-26T19:19:49 IST">
          <reporter-output>
          </reporter-output>
        </test-method> <!-- verifyLogin -->
        <test-method status="PASS" signature="verifyRegistration()[pri:0, instance:testPacakage.TestClass2@4f933fd1]" name="verifyRegistration" duration-ms="0" started-at="2021-06-26T19:19:49 IST" finished-at="2021-06-26T19:19:49 IST">
          <reporter-output>
          </reporter-output>
        </test-method> <!-- verifyRegistration -->
      </class> <!-- testPacakage.TestClass2 -->
    </test> <!-- Test -->
  </suite> <!-- Suite_06_21 -->
</testng-results>
