<?xml version="1.0" encoding="UTF-8"?>
<testsuite name="TestSuite" time="0.008" tests="5" errors="0" skipped="0" failures="0">
  <properties>
[...]
</properties>
  <testcase name="verifyLogin" classname="testPacakage.TestClass2" time="0.005"/>
  <testcase name="verifyRegistration" classname="testPacakage.TestClass2" time="0"/>
  <testcase name="test9" classname="testPacakage.MyFirstTestngClass" time="0.001"/>
  <testcase name="abcd" classname="testPacakage.MyFirstTestngClass" time="0.001"/>
  <testcase name="test2" classname="testPacakage.MyFirstTestngClass" time="0.001"/>
</testsuite>