<?xml version="1.0" encoding="UTF-8"?>
<!-- Generated by org.testng.reporters.JUnitXMLReporter -->
<testsuite ignored="0" hostname="L8ZZ1N53" failures="0" tests="5" name="Test" time="0.055" errors="0" timestamp="2021-06-21T08:36:05 IST">
  <testcase classname="testPacakage.TestClass2" name="verifyLogin" time="0.007"/>
  <testcase classname="testPacakage.TestClass2" name="verifyRegistration" time="0.001"/>
  <testcase classname="testPacakage.MyFirstTestngClass" name="test9" time="0.001"/>
  <testcase classname="testPacakage.MyFirstTestngClass" name="abcd" time="0.001"/>
  <testcase classname="testPacakage.MyFirstTestngClass" name="test2" time="0.001"/>
</testsuite> <!-- Test -->
