<?xml version="1.0" encoding="UTF-8"?>
<!-- Generated by org.testng.reporters.JUnitXMLReporter -->
<testsuite hostname="L8ZZ1N53" ignored="0" name="Test" tests="5" failures="0" timestamp="2021-06-26T19:19:49 IST" time="0.046" errors="0">
  <testcase name="verifyLogin" time="0.005" classname="testPacakage.TestClass2"/>
  <testcase name="verifyRegistration" time="0.0" classname="testPacakage.TestClass2"/>
  <testcase name="test9" time="0.0" classname="testPacakage.MyFirstTestngClass"/>
  <testcase name="abcd" time="0.0" classname="testPacakage.MyFirstTestngClass"/>
  <testcase name="test2" time="0.001" classname="testPacakage.MyFirstTestngClass"/>
</testsuite> <!-- Test -->
